INFO  | 09-07-2019 | 12:03:04 | com.epam.igorpystovit.view.Menu -> '1 - to add new row'  
INFO  | 09-07-2019 | 12:03:04 | com.epam.igorpystovit.view.Menu -> '2 - to delete the row'  
INFO  | 09-07-2019 | 12:03:04 | com.epam.igorpystovit.view.Menu -> '3 - to read row by id'  
INFO  | 09-07-2019 | 12:03:04 | com.epam.igorpystovit.view.Menu -> '4 - to read all rows'  
INFO  | 09-07-2019 | 12:03:04 | com.epam.igorpystovit.view.Menu -> '5 - to update row'  
INFO  | 09-07-2019 | 12:03:04 | com.epam.igorpystovit.view.Menu -> '0 - to exit'  
INFO  | 09-07-2019 | 12:03:04 | com.epam.igorpystovit.view.Menu -> 'Input request id'  
INFO  | 09-07-2019 | 12:03:05 | com.epam.igorpystovit.model.TableEditor -> 'Nothing is on the table'  
INFO  | 09-07-2019 | 12:03:05 | com.epam.igorpystovit.view.Menu -> 'Menu Items(id/description)'  
INFO  | 09-07-2019 | 12:03:05 | com.epam.igorpystovit.view.Menu -> '1 - to add new row'  
INFO  | 09-07-2019 | 12:03:05 | com.epam.igorpystovit.view.Menu -> '2 - to delete the row'  
INFO  | 09-07-2019 | 12:03:05 | com.epam.igorpystovit.view.Menu -> '3 - to read row by id'  
INFO  | 09-07-2019 | 12:03:05 | com.epam.igorpystovit.view.Menu -> '4 - to read all rows'  
INFO  | 09-07-2019 | 12:03:05 | com.epam.igorpystovit.view.Menu -> '5 - to update row'  
INFO  | 09-07-2019 | 12:03:05 | com.epam.igorpystovit.view.Menu -> '0 - to exit'  
INFO  | 09-07-2019 | 12:03:05 | com.epam.igorpystovit.view.Menu -> 'Input request id'  
INFO  | 09-07-2019 | 12:03:08 | com.epam.igorpystovit.model.TableEditor -> 'Input new flights id'  
INFO  | 09-07-2019 | 12:03:09 | com.epam.igorpystovit.model.entityfactory.EntityFactory -> 'Input company id , that provides the flight:'  
INFO  | 09-07-2019 | 12:03:21 | com.epam.igorpystovit.model.entityfactory.EntityFactory -> 'Input departure town id:'  
INFO  | 09-07-2019 | 12:03:24 | com.epam.igorpystovit.model.entityfactory.EntityFactory -> 'Input arrival town id:'  
INFO  | 09-07-2019 | 12:03:27 | com.epam.igorpystovit.model.entityfactory.EntityFactory -> 'Input departure date( yyMMdd or yy-MM-dd ):'  
INFO  | 09-07-2019 | 12:03:41 | com.epam.igorpystovit.model.entityfactory.EntityFactory -> 'Input departure time( hhMMss or hh:MM:ss ):'  
INFO  | 09-07-2019 | 12:04:00 | com.epam.igorpystovit.model.entityfactory.EntityFactory -> 'Input arrival date( yyMMdd ot yy-MM-dd ):'  
INFO  | 09-07-2019 | 12:04:13 | com.epam.igorpystovit.model.entityfactory.EntityFactory -> 'Input arrival time( hhMMss or hh-MM-ss):'  
INFO  | 09-07-2019 | 12:04:19 | com.epam.igorpystovit.model.entityfactory.EntityFactory -> 'Input company plane id:'  
INFO  | 09-07-2019 | 12:04:27 | com.epam.igorpystovit.model.entityfactory.EntityFactory -> 'Input flight price:'  
INFO  | 09-07-2019 | 12:04:38 | com.epam.igorpystovit.view.Menu -> 'Menu Items(id/description)'  
INFO  | 09-07-2019 | 12:04:38 | com.epam.igorpystovit.view.Menu -> '1 - to add new row'  
INFO  | 09-07-2019 | 12:04:38 | com.epam.igorpystovit.view.Menu -> '2 - to delete the row'  
INFO  | 09-07-2019 | 12:04:38 | com.epam.igorpystovit.view.Menu -> '3 - to read row by id'  
INFO  | 09-07-2019 | 12:04:38 | com.epam.igorpystovit.view.Menu -> '4 - to read all rows'  
INFO  | 09-07-2019 | 12:04:38 | com.epam.igorpystovit.view.Menu -> '5 - to update row'  
INFO  | 09-07-2019 | 12:04:38 | com.epam.igorpystovit.view.Menu -> '0 - to exit'  
INFO  | 09-07-2019 | 12:04:38 | com.epam.igorpystovit.view.Menu -> 'Input request id'  
INFO  | 09-07-2019 | 12:04:41 | com.epam.igorpystovit.view.Menu -> 'Menu Items(id/description)'  
INFO  | 09-07-2019 | 12:04:41 | com.epam.igorpystovit.view.Menu -> '1 - to add new row'  
INFO  | 09-07-2019 | 12:04:41 | com.epam.igorpystovit.view.Menu -> '2 - to delete the row'  
INFO  | 09-07-2019 | 12:04:41 | com.epam.igorpystovit.view.Menu -> '3 - to read row by id'  
INFO  | 09-07-2019 | 12:04:41 | com.epam.igorpystovit.view.Menu -> '4 - to read all rows'  
INFO  | 09-07-2019 | 12:04:41 | com.epam.igorpystovit.view.Menu -> '5 - to update row'  
INFO  | 09-07-2019 | 12:04:41 | com.epam.igorpystovit.view.Menu -> '0 - to exit'  
INFO  | 09-07-2019 | 12:04:41 | com.epam.igorpystovit.view.Menu -> 'Input request id'  
INFO  | 09-07-2019 | 12:04:47 | com.epam.igorpystovit.view.Menu -> 'Bye'  
INFO  | 09-07-2019 | 12:04:47 | com.epam.igorpystovit.view.Menu -> 'Menu Items(id/description)'  
INFO  | 09-07-2019 | 12:04:47 | com.epam.igorpystovit.view.Menu -> '1 - to edit flights table'  
INFO  | 09-07-2019 | 12:04:47 | com.epam.igorpystovit.view.Menu -> '2 - to edit company planes table'  
INFO  | 09-07-2019 | 12:04:47 | com.epam.igorpystovit.view.Menu -> '3 - to edit orders table'  
INFO  | 09-07-2019 | 12:04:47 | com.epam.igorpystovit.view.Menu -> '4 - to edit planes table'  
INFO  | 09-07-2019 | 12:04:47 | com.epam.igorpystovit.view.Menu -> '5 - to edit clients table'  
INFO  | 09-07-2019 | 12:04:47 | com.epam.igorpystovit.view.Menu -> '6 - to edit companies table'  
INFO  | 09-07-2019 | 12:04:47 | com.epam.igorpystovit.view.Menu -> '7 - to edit towns table'  
INFO  | 09-07-2019 | 12:04:47 | com.epam.igorpystovit.view.Menu -> '0 - to exit'  
INFO  | 09-07-2019 | 12:04:47 | com.epam.igorpystovit.view.Menu -> 'Input request id'  
INFO  | 09-07-2019 | 12:04:57 | com.epam.igorpystovit.view.Menu -> 'Menu Items(id/description)'  
INFO  | 09-07-2019 | 12:04:57 | com.epam.igorpystovit.view.Menu -> '1 - to add new row'  
INFO  | 09-07-2019 | 12:04:57 | com.epam.igorpystovit.view.Menu -> '2 - to delete the row'  
INFO  | 09-07-2019 | 12:04:57 | com.epam.igorpystovit.view.Menu -> '3 - to read row by id'  
INFO  | 09-07-2019 | 12:04:57 | com.epam.igorpystovit.view.Menu -> '4 - to read all rows'  
INFO  | 09-07-2019 | 12:04:57 | com.epam.igorpystovit.view.Menu -> '5 - to update row'  
INFO  | 09-07-2019 | 12:04:57 | com.epam.igorpystovit.view.Menu -> '0 - to exit'  
INFO  | 09-07-2019 | 12:04:57 | com.epam.igorpystovit.view.Menu -> 'Input request id'  
INFO  | 09-07-2019 | 12:05:01 | com.epam.igorpystovit.view.Menu -> 'Menu Items(id/description)'  
INFO  | 09-07-2019 | 12:05:01 | com.epam.igorpystovit.view.Menu -> '1 - to add new row'  
INFO  | 09-07-2019 | 12:05:01 | com.epam.igorpystovit.view.Menu -> '2 - to delete the row'  
INFO  | 09-07-2019 | 12:05:01 | com.epam.igorpystovit.view.Menu -> '3 - to read row by id'  
INFO  | 09-07-2019 | 12:05:01 | com.epam.igorpystovit.view.Menu -> '4 - to read all rows'  
INFO  | 09-07-2019 | 12:05:01 | com.epam.igorpystovit.view.Menu -> '5 - to update row'  
INFO  | 09-07-2019 | 12:05:01 | com.epam.igorpystovit.view.Menu -> '0 - to exit'  
INFO  | 09-07-2019 | 12:05:01 | com.epam.igorpystovit.view.Menu -> 'Input request id'  
INFO  | 09-07-2019 | 12:05:32 | com.epam.igorpystovit.view.Menu -> 'Bye'  
INFO  | 09-07-2019 | 12:05:32 | com.epam.igorpystovit.view.Menu -> 'Menu Items(id/description)'  
INFO  | 09-07-2019 | 12:05:32 | com.epam.igorpystovit.view.Menu -> '1 - to edit flights table'  
INFO  | 09-07-2019 | 12:05:32 | com.epam.igorpystovit.view.Menu -> '2 - to edit company planes table'  
INFO  | 09-07-2019 | 12:05:32 | com.epam.igorpystovit.view.Menu -> '3 - to edit orders table'  
INFO  | 09-07-2019 | 12:05:32 | com.epam.igorpystovit.view.Menu -> '4 - to edit planes table'  
INFO  | 09-07-2019 | 12:05:32 | com.epam.igorpystovit.view.Menu -> '5 - to edit clients table'  
INFO  | 09-07-2019 | 12:05:32 | com.epam.igorpystovit.view.Menu -> '6 - to edit companies table'  
INFO  | 09-07-2019 | 12:05:32 | com.epam.igorpystovit.view.Menu -> '7 - to edit towns table'  
INFO  | 09-07-2019 | 12:05:32 | com.epam.igorpystovit.view.Menu -> '0 - to exit'  
INFO  | 09-07-2019 | 12:05:32 | com.epam.igorpystovit.view.Menu -> 'Input request id'  
INFO  | 09-07-2019 | 12:05:41 | com.epam.igorpystovit.view.Menu -> 'Menu Items(id/description)'  
INFO  | 09-07-2019 | 12:05:41 | com.epam.igorpystovit.view.Menu -> '1 - to add new row'  
INFO  | 09-07-2019 | 12:05:41 | com.epam.igorpystovit.view.Menu -> '2 - to delete the row'  
INFO  | 09-07-2019 | 12:05:41 | com.epam.igorpystovit.view.Menu -> '3 - to read row by id'  
INFO  | 09-07-2019 | 12:05:41 | com.epam.igorpystovit.view.Menu -> '4 - to read all rows'  
INFO  | 09-07-2019 | 12:05:41 | com.epam.igorpystovit.view.Menu -> '5 - to update row'  
INFO  | 09-07-2019 | 12:05:41 | com.epam.igorpystovit.view.Menu -> '0 - to exit'  
INFO  | 09-07-2019 | 12:05:41 | com.epam.igorpystovit.view.Menu -> 'Input request id'  
INFO  | 09-07-2019 | 12:05:44 | com.epam.igorpystovit.view.Menu -> 'Menu Items(id/description)'  
INFO  | 09-07-2019 | 12:05:44 | com.epam.igorpystovit.view.Menu -> '1 - to add new row'  
INFO  | 09-07-2019 | 12:05:44 | com.epam.igorpystovit.view.Menu -> '2 - to delete the row'  
INFO  | 09-07-2019 | 12:05:44 | com.epam.igorpystovit.view.Menu -> '3 - to read row by id'  
INFO  | 09-07-2019 | 12:05:44 | com.epam.igorpystovit.view.Menu -> '4 - to read all rows'  
INFO  | 09-07-2019 | 12:05:44 | com.epam.igorpystovit.view.Menu -> '5 - to update row'  
INFO  | 09-07-2019 | 12:05:44 | com.epam.igorpystovit.view.Menu -> '0 - to exit'  
INFO  | 09-07-2019 | 12:05:44 | com.epam.igorpystovit.view.Menu -> 'Input request id'  
INFO  | 09-07-2019 | 12:05:49 | com.epam.igorpystovit.view.Menu -> 'Bye'  
INFO  | 09-07-2019 | 12:05:49 | com.epam.igorpystovit.view.Menu -> 'Menu Items(id/description)'  
INFO  | 09-07-2019 | 12:05:49 | com.epam.igorpystovit.view.Menu -> '1 - to edit flights table'  
INFO  | 09-07-2019 | 12:05:49 | com.epam.igorpystovit.view.Menu -> '2 - to edit company planes table'  
INFO  | 09-07-2019 | 12:05:49 | com.epam.igorpystovit.view.Menu -> '3 - to edit orders table'  
INFO  | 09-07-2019 | 12:05:49 | com.epam.igorpystovit.view.Menu -> '4 - to edit planes table'  
INFO  | 09-07-2019 | 12:05:49 | com.epam.igorpystovit.view.Menu -> '5 - to edit clients table'  
INFO  | 09-07-2019 | 12:05:49 | com.epam.igorpystovit.view.Menu -> '6 - to edit companies table'  
INFO  | 09-07-2019 | 12:05:49 | com.epam.igorpystovit.view.Menu -> '7 - to edit towns table'  
INFO  | 09-07-2019 | 12:05:49 | com.epam.igorpystovit.view.Menu -> '0 - to exit'  
INFO  | 09-07-2019 | 12:05:49 | com.epam.igorpystovit.view.Menu -> 'Input request id'  
INFO  | 09-07-2019 | 12:05:55 | com.epam.igorpystovit.view.Menu -> 'Menu Items(id/description)'  
INFO  | 09-07-2019 | 12:05:55 | com.epam.igorpystovit.view.Menu -> '1 - to add new row'  
INFO  | 09-07-2019 | 12:05:55 | com.epam.igorpystovit.view.Menu -> '2 - to delete the row'  
INFO  | 09-07-2019 | 12:05:55 | com.epam.igorpystovit.view.Menu -> '3 - to read row by id'  
INFO  | 09-07-2019 | 12:05:55 | com.epam.igorpystovit.view.Menu -> '4 - to read all rows'  
INFO  | 09-07-2019 | 12:05:55 | com.epam.igorpystovit.view.Menu -> '5 - to update row'  
INFO  | 09-07-2019 | 12:05:55 | com.epam.igorpystovit.view.Menu -> '0 - to exit'  
INFO  | 09-07-2019 | 12:05:55 | com.epam.igorpystovit.view.Menu -> 'Input request id'  
INFO  | 09-07-2019 | 12:05:56 | com.epam.igorpystovit.model.TableEditor -> 'Nothing is on the table'  
INFO  | 09-07-2019 | 12:05:56 | com.epam.igorpystovit.view.Menu -> 'Menu Items(id/description)'  
INFO  | 09-07-2019 | 12:05:56 | com.epam.igorpystovit.view.Menu -> '1 - to add new row'  
INFO  | 09-07-2019 | 12:05:56 | com.epam.igorpystovit.view.Menu -> '2 - to delete the row'  
INFO  | 09-07-2019 | 12:05:56 | com.epam.igorpystovit.view.Menu -> '3 - to read row by id'  
INFO  | 09-07-2019 | 12:05:56 | com.epam.igorpystovit.view.Menu -> '4 - to read all rows'  
INFO  | 09-07-2019 | 12:05:56 | com.epam.igorpystovit.view.Menu -> '5 - to update row'  
INFO  | 09-07-2019 | 12:05:56 | com.epam.igorpystovit.view.Menu -> '0 - to exit'  
INFO  | 09-07-2019 | 12:05:56 | com.epam.igorpystovit.view.Menu -> 'Input request id'  
INFO  | 09-07-2019 | 12:05:57 | com.epam.igorpystovit.model.TableEditor -> 'Input new orders id'  
INFO  | 09-07-2019 | 12:05:57 | com.epam.igorpystovit.model.entityfactory.EntityFactory -> 'Input client id:'  
INFO  | 09-07-2019 | 12:06:07 | com.epam.igorpystovit.model.entityfactory.EntityFactory -> 'Input flight id:'  
INFO  | 09-07-2019 | 12:08:18 | com.epam.igorpystovit.view.Menu -> 'Menu Items(id/description)'  
INFO  | 09-07-2019 | 12:08:18 | com.epam.igorpystovit.view.Menu -> '1 - to edit tables'  
INFO  | 09-07-2019 | 12:08:18 | com.epam.igorpystovit.view.Menu -> '2 - to print table's content'  
INFO  | 09-07-2019 | 12:08:18 | com.epam.igorpystovit.view.Menu -> '3 - to book the flight'  
INFO  | 09-07-2019 | 12:08:18 | com.epam.igorpystovit.view.Menu -> '4 - to cancel reservation'  
INFO  | 09-07-2019 | 12:08:18 | com.epam.igorpystovit.view.Menu -> '0 - to exit'  
INFO  | 09-07-2019 | 12:08:18 | com.epam.igorpystovit.view.Menu -> 'Input request id'  
INFO  | 09-07-2019 | 12:08:23 | com.epam.igorpystovit.view.Menu -> 'Menu Items(id/description)'  
INFO  | 09-07-2019 | 12:08:23 | com.epam.igorpystovit.view.Menu -> '1 - to edit flights table'  
INFO  | 09-07-2019 | 12:08:23 | com.epam.igorpystovit.view.Menu -> '2 - to edit company planes table'  
INFO  | 09-07-2019 | 12:08:23 | com.epam.igorpystovit.view.Menu -> '3 - to edit orders table'  
INFO  | 09-07-2019 | 12:08:23 | com.epam.igorpystovit.view.Menu -> '4 - to edit planes table'  
INFO  | 09-07-2019 | 12:08:23 | com.epam.igorpystovit.view.Menu -> '5 - to edit clients table'  
INFO  | 09-07-2019 | 12:08:23 | com.epam.igorpystovit.view.Menu -> '6 - to edit companies table'  
INFO  | 09-07-2019 | 12:08:23 | com.epam.igorpystovit.view.Menu -> '7 - to edit towns table'  
INFO  | 09-07-2019 | 12:08:23 | com.epam.igorpystovit.view.Menu -> '0 - to exit'  
INFO  | 09-07-2019 | 12:08:23 | com.epam.igorpystovit.view.Menu -> 'Input request id'  
INFO  | 09-07-2019 | 12:08:25 | com.epam.igorpystovit.view.Menu -> 'Menu Items(id/description)'  
INFO  | 09-07-2019 | 12:08:25 | com.epam.igorpystovit.view.Menu -> '1 - to add new row'  
INFO  | 09-07-2019 | 12:08:25 | com.epam.igorpystovit.view.Menu -> '2 - to delete the row'  
INFO  | 09-07-2019 | 12:08:25 | com.epam.igorpystovit.view.Menu -> '3 - to read row by id'  
INFO  | 09-07-2019 | 12:08:25 | com.epam.igorpystovit.view.Menu -> '4 - to read all rows'  
INFO  | 09-07-2019 | 12:08:25 | com.epam.igorpystovit.view.Menu -> '5 - to update row'  
INFO  | 09-07-2019 | 12:08:25 | com.epam.igorpystovit.view.Menu -> '0 - to exit'  
INFO  | 09-07-2019 | 12:08:25 | com.epam.igorpystovit.view.Menu -> 'Input request id'  
INFO  | 09-07-2019 | 12:08:27 | com.epam.igorpystovit.model.TableEditor -> 'Input new orders id'  
INFO  | 09-07-2019 | 12:08:27 | com.epam.igorpystovit.model.entityfactory.EntityFactory -> 'Input client id:'  
INFO  | 09-07-2019 | 12:10:24 | com.epam.igorpystovit.view.Menu -> 'Menu Items(id/description)'  
INFO  | 09-07-2019 | 12:10:24 | com.epam.igorpystovit.view.Menu -> '1 - to edit tables'  
INFO  | 09-07-2019 | 12:10:24 | com.epam.igorpystovit.view.Menu -> '2 - to print table's content'  
INFO  | 09-07-2019 | 12:10:24 | com.epam.igorpystovit.view.Menu -> '3 - to book the flight'  
INFO  | 09-07-2019 | 12:10:24 | com.epam.igorpystovit.view.Menu -> '4 - to cancel reservation'  
INFO  | 09-07-2019 | 12:10:24 | com.epam.igorpystovit.view.Menu -> '0 - to exit'  
INFO  | 09-07-2019 | 12:10:24 | com.epam.igorpystovit.view.Menu -> 'Input request id'  
INFO  | 09-07-2019 | 12:10:27 | com.epam.igorpystovit.view.Menu -> 'Menu Items(id/description)'  
INFO  | 09-07-2019 | 12:10:27 | com.epam.igorpystovit.view.Menu -> '1 - to edit flights table'  
INFO  | 09-07-2019 | 12:10:27 | com.epam.igorpystovit.view.Menu -> '2 - to edit company planes table'  
INFO  | 09-07-2019 | 12:10:27 | com.epam.igorpystovit.view.Menu -> '3 - to edit orders table'  
INFO  | 09-07-2019 | 12:10:27 | com.epam.igorpystovit.view.Menu -> '4 - to edit planes table'  
INFO  | 09-07-2019 | 12:10:27 | com.epam.igorpystovit.view.Menu -> '5 - to edit clients table'  
INFO  | 09-07-2019 | 12:10:27 | com.epam.igorpystovit.view.Menu -> '6 - to edit companies table'  
INFO  | 09-07-2019 | 12:10:27 | com.epam.igorpystovit.view.Menu -> '7 - to edit towns table'  
INFO  | 09-07-2019 | 12:10:27 | com.epam.igorpystovit.view.Menu -> '0 - to exit'  
INFO  | 09-07-2019 | 12:10:27 | com.epam.igorpystovit.view.Menu -> 'Input request id'  
INFO  | 09-07-2019 | 12:10:34 | com.epam.igorpystovit.view.Menu -> 'Menu Items(id/description)'  
INFO  | 09-07-2019 | 12:10:34 | com.epam.igorpystovit.view.Menu -> '1 - to add new row'  
INFO  | 09-07-2019 | 12:10:34 | com.epam.igorpystovit.view.Menu -> '2 - to delete the row'  
INFO  | 09-07-2019 | 12:10:34 | com.epam.igorpystovit.view.Menu -> '3 - to read row by id'  
INFO  | 09-07-2019 | 12:10:34 | com.epam.igorpystovit.view.Menu -> '4 - to read all rows'  
INFO  | 09-07-2019 | 12:10:34 | com.epam.igorpystovit.view.Menu -> '5 - to update row'  
INFO  | 09-07-2019 | 12:10:34 | com.epam.igorpystovit.view.Menu -> '0 - to exit'  
INFO  | 09-07-2019 | 12:10:34 | com.epam.igorpystovit.view.Menu -> 'Input request id'  
INFO  | 09-07-2019 | 12:10:35 | com.epam.igorpystovit.view.Menu -> 'Menu Items(id/description)'  
INFO  | 09-07-2019 | 12:10:35 | com.epam.igorpystovit.view.Menu -> '1 - to add new row'  
INFO  | 09-07-2019 | 12:10:35 | com.epam.igorpystovit.view.Menu -> '2 - to delete the row'  
INFO  | 09-07-2019 | 12:10:35 | com.epam.igorpystovit.view.Menu -> '3 - to read row by id'  
INFO  | 09-07-2019 | 12:10:35 | com.epam.igorpystovit.view.Menu -> '4 - to read all rows'  
INFO  | 09-07-2019 | 12:10:35 | com.epam.igorpystovit.view.Menu -> '5 - to update row'  
INFO  | 09-07-2019 | 12:10:35 | com.epam.igorpystovit.view.Menu -> '0 - to exit'  
INFO  | 09-07-2019 | 12:10:35 | com.epam.igorpystovit.view.Menu -> 'Input request id'  
INFO  | 09-07-2019 | 12:10:53 | com.epam.igorpystovit.view.Menu -> 'Bye'  
INFO  | 09-07-2019 | 12:10:53 | com.epam.igorpystovit.view.Menu -> 'Menu Items(id/description)'  
INFO  | 09-07-2019 | 12:10:53 | com.epam.igorpystovit.view.Menu -> '1 - to edit flights table'  
INFO  | 09-07-2019 | 12:10:53 | com.epam.igorpystovit.view.Menu -> '2 - to edit company planes table'  
INFO  | 09-07-2019 | 12:10:53 | com.epam.igorpystovit.view.Menu -> '3 - to edit orders table'  
INFO  | 09-07-2019 | 12:10:53 | com.epam.igorpystovit.view.Menu -> '4 - to edit planes table'  
INFO  | 09-07-2019 | 12:10:53 | com.epam.igorpystovit.view.Menu -> '5 - to edit clients table'  
INFO  | 09-07-2019 | 12:10:53 | com.epam.igorpystovit.view.Menu -> '6 - to edit companies table'  
INFO  | 09-07-2019 | 12:10:53 | com.epam.igorpystovit.view.Menu -> '7 - to edit towns table'  
INFO  | 09-07-2019 | 12:10:53 | com.epam.igorpystovit.view.Menu -> '0 - to exit'  
INFO  | 09-07-2019 | 12:10:53 | com.epam.igorpystovit.view.Menu -> 'Input request id'  
INFO  | 09-07-2019 | 12:10:58 | com.epam.igorpystovit.view.Menu -> 'Menu Items(id/description)'  
INFO  | 09-07-2019 | 12:10:58 | com.epam.igorpystovit.view.Menu -> '1 - to add new row'  
INFO  | 09-07-2019 | 12:10:58 | com.epam.igorpystovit.view.Menu -> '2 - to delete the row'  
INFO  | 09-07-2019 | 12:10:58 | com.epam.igorpystovit.view.Menu -> '3 - to read row by id'  
INFO  | 09-07-2019 | 12:10:58 | com.epam.igorpystovit.view.Menu -> '4 - to read all rows'  
INFO  | 09-07-2019 | 12:10:58 | com.epam.igorpystovit.view.Menu -> '5 - to update row'  
INFO  | 09-07-2019 | 12:10:58 | com.epam.igorpystovit.view.Menu -> '0 - to exit'  
INFO  | 09-07-2019 | 12:10:58 | com.epam.igorpystovit.view.Menu -> 'Input request id'  
INFO  | 09-07-2019 | 12:11:00 | com.epam.igorpystovit.model.TableEditor -> 'Input new orders id'  
INFO  | 09-07-2019 | 12:11:02 | com.epam.igorpystovit.model.entityfactory.EntityFactory -> 'Input client id:'  
INFO  | 09-07-2019 | 12:11:04 | com.epam.igorpystovit.model.entityfactory.EntityFactory -> 'Input flight id:'  
INFO  | 09-07-2019 | 12:11:09 | com.epam.igorpystovit.view.Menu -> 'Menu Items(id/description)'  
INFO  | 09-07-2019 | 12:11:09 | com.epam.igorpystovit.view.Menu -> '1 - to add new row'  
INFO  | 09-07-2019 | 12:11:09 | com.epam.igorpystovit.view.Menu -> '2 - to delete the row'  
INFO  | 09-07-2019 | 12:11:09 | com.epam.igorpystovit.view.Menu -> '3 - to read row by id'  
INFO  | 09-07-2019 | 12:11:09 | com.epam.igorpystovit.view.Menu -> '4 - to read all rows'  
INFO  | 09-07-2019 | 12:11:09 | com.epam.igorpystovit.view.Menu -> '5 - to update row'  
INFO  | 09-07-2019 | 12:11:09 | com.epam.igorpystovit.view.Menu -> '0 - to exit'  
INFO  | 09-07-2019 | 12:11:09 | com.epam.igorpystovit.view.Menu -> 'Input request id'  
INFO  | 09-07-2019 | 12:11:13 | com.epam.igorpystovit.view.Menu -> 'Menu Items(id/description)'  
INFO  | 09-07-2019 | 12:11:13 | com.epam.igorpystovit.view.Menu -> '1 - to add new row'  
INFO  | 09-07-2019 | 12:11:13 | com.epam.igorpystovit.view.Menu -> '2 - to delete the row'  
INFO  | 09-07-2019 | 12:11:13 | com.epam.igorpystovit.view.Menu -> '3 - to read row by id'  
INFO  | 09-07-2019 | 12:11:13 | com.epam.igorpystovit.view.Menu -> '4 - to read all rows'  
INFO  | 09-07-2019 | 12:11:13 | com.epam.igorpystovit.view.Menu -> '5 - to update row'  
INFO  | 09-07-2019 | 12:11:13 | com.epam.igorpystovit.view.Menu -> '0 - to exit'  
INFO  | 09-07-2019 | 12:11:13 | com.epam.igorpystovit.view.Menu -> 'Input request id'  
INFO  | 09-07-2019 | 12:11:16 | com.epam.igorpystovit.view.Menu -> 'Bye'  
INFO  | 09-07-2019 | 12:11:16 | com.epam.igorpystovit.view.Menu -> 'Menu Items(id/description)'  
INFO  | 09-07-2019 | 12:11:16 | com.epam.igorpystovit.view.Menu -> '1 - to edit flights table'  
INFO  | 09-07-2019 | 12:11:16 | com.epam.igorpystovit.view.Menu -> '2 - to edit company planes table'  
INFO  | 09-07-2019 | 12:11:16 | com.epam.igorpystovit.view.Menu -> '3 - to edit orders table'  
INFO  | 09-07-2019 | 12:11:16 | com.epam.igorpystovit.view.Menu -> '4 - to edit planes table'  
INFO  | 09-07-2019 | 12:11:16 | com.epam.igorpystovit.view.Menu -> '5 - to edit clients table'  
INFO  | 09-07-2019 | 12:11:16 | com.epam.igorpystovit.view.Menu -> '6 - to edit companies table'  
INFO  | 09-07-2019 | 12:11:16 | com.epam.igorpystovit.view.Menu -> '7 - to edit towns table'  
INFO  | 09-07-2019 | 12:11:16 | com.epam.igorpystovit.view.Menu -> '0 - to exit'  
INFO  | 09-07-2019 | 12:11:16 | com.epam.igorpystovit.view.Menu -> 'Input request id'  
INFO  | 09-07-2019 | 12:11:19 | com.epam.igorpystovit.view.Menu -> 'Menu Items(id/description)'  
INFO  | 09-07-2019 | 12:11:19 | com.epam.igorpystovit.view.Menu -> '1 - to add new row'  
INFO  | 09-07-2019 | 12:11:19 | com.epam.igorpystovit.view.Menu -> '2 - to delete the row'  
INFO  | 09-07-2019 | 12:11:19 | com.epam.igorpystovit.view.Menu -> '3 - to read row by id'  
INFO  | 09-07-2019 | 12:11:19 | com.epam.igorpystovit.view.Menu -> '4 - to read all rows'  
INFO  | 09-07-2019 | 12:11:19 | com.epam.igorpystovit.view.Menu -> '5 - to update row'  
INFO  | 09-07-2019 | 12:11:19 | com.epam.igorpystovit.view.Menu -> '0 - to exit'  
INFO  | 09-07-2019 | 12:11:19 | com.epam.igorpystovit.view.Menu -> 'Input request id'  
INFO  | 09-07-2019 | 12:11:21 | com.epam.igorpystovit.view.Menu -> 'Menu Items(id/description)'  
INFO  | 09-07-2019 | 12:11:21 | com.epam.igorpystovit.view.Menu -> '1 - to add new row'  
INFO  | 09-07-2019 | 12:11:21 | com.epam.igorpystovit.view.Menu -> '2 - to delete the row'  
INFO  | 09-07-2019 | 12:11:21 | com.epam.igorpystovit.view.Menu -> '3 - to read row by id'  
INFO  | 09-07-2019 | 12:11:21 | com.epam.igorpystovit.view.Menu -> '4 - to read all rows'  
INFO  | 09-07-2019 | 12:11:21 | com.epam.igorpystovit.view.Menu -> '5 - to update row'  
INFO  | 09-07-2019 | 12:11:21 | com.epam.igorpystovit.view.Menu -> '0 - to exit'  
INFO  | 09-07-2019 | 12:11:21 | com.epam.igorpystovit.view.Menu -> 'Input request id'  
INFO  | 09-07-2019 | 12:11:25 | com.epam.igorpystovit.view.Menu -> 'Bye'  
INFO  | 09-07-2019 | 12:11:25 | com.epam.igorpystovit.view.Menu -> 'Menu Items(id/description)'  
INFO  | 09-07-2019 | 12:11:25 | com.epam.igorpystovit.view.Menu -> '1 - to edit flights table'  
INFO  | 09-07-2019 | 12:11:25 | com.epam.igorpystovit.view.Menu -> '2 - to edit company planes table'  
INFO  | 09-07-2019 | 12:11:25 | com.epam.igorpystovit.view.Menu -> '3 - to edit orders table'  
INFO  | 09-07-2019 | 12:11:25 | com.epam.igorpystovit.view.Menu -> '4 - to edit planes table'  
INFO  | 09-07-2019 | 12:11:25 | com.epam.igorpystovit.view.Menu -> '5 - to edit clients table'  
INFO  | 09-07-2019 | 12:11:25 | com.epam.igorpystovit.view.Menu -> '6 - to edit companies table'  
INFO  | 09-07-2019 | 12:11:25 | com.epam.igorpystovit.view.Menu -> '7 - to edit towns table'  
INFO  | 09-07-2019 | 12:11:25 | com.epam.igorpystovit.view.Menu -> '0 - to exit'  
INFO  | 09-07-2019 | 12:11:25 | com.epam.igorpystovit.view.Menu -> 'Input request id'  
INFO  | 09-07-2019 | 12:11:29 | com.epam.igorpystovit.view.Menu -> 'Menu Items(id/description)'  
INFO  | 09-07-2019 | 12:11:29 | com.epam.igorpystovit.view.Menu -> '1 - to add new row'  
INFO  | 09-07-2019 | 12:11:29 | com.epam.igorpystovit.view.Menu -> '2 - to delete the row'  
INFO  | 09-07-2019 | 12:11:29 | com.epam.igorpystovit.view.Menu -> '3 - to read row by id'  
INFO  | 09-07-2019 | 12:11:29 | com.epam.igorpystovit.view.Menu -> '4 - to read all rows'  
INFO  | 09-07-2019 | 12:11:29 | com.epam.igorpystovit.view.Menu -> '5 - to update row'  
INFO  | 09-07-2019 | 12:11:29 | com.epam.igorpystovit.view.Menu -> '0 - to exit'  
INFO  | 09-07-2019 | 12:11:29 | com.epam.igorpystovit.view.Menu -> 'Input request id'  
INFO  | 09-07-2019 | 12:11:31 | com.epam.igorpystovit.view.Menu -> 'Menu Items(id/description)'  
INFO  | 09-07-2019 | 12:11:31 | com.epam.igorpystovit.view.Menu -> '1 - to add new row'  
INFO  | 09-07-2019 | 12:11:31 | com.epam.igorpystovit.view.Menu -> '2 - to delete the row'  
INFO  | 09-07-2019 | 12:11:31 | com.epam.igorpystovit.view.Menu -> '3 - to read row by id'  
INFO  | 09-07-2019 | 12:11:31 | com.epam.igorpystovit.view.Menu -> '4 - to read all rows'  
INFO  | 09-07-2019 | 12:11:31 | com.epam.igorpystovit.view.Menu -> '5 - to update row'  
INFO  | 09-07-2019 | 12:11:31 | com.epam.igorpystovit.view.Menu -> '0 - to exit'  
INFO  | 09-07-2019 | 12:11:31 | com.epam.igorpystovit.view.Menu -> 'Input request id'  
INFO  | 09-07-2019 | 12:11:35 | com.epam.igorpystovit.view.Menu -> 'Bye'  
INFO  | 09-07-2019 | 12:11:35 | com.epam.igorpystovit.view.Menu -> 'Menu Items(id/description)'  
INFO  | 09-07-2019 | 12:11:35 | com.epam.igorpystovit.view.Menu -> '1 - to edit flights table'  
INFO  | 09-07-2019 | 12:11:35 | com.epam.igorpystovit.view.Menu -> '2 - to edit company planes table'  
INFO  | 09-07-2019 | 12:11:35 | com.epam.igorpystovit.view.Menu -> '3 - to edit orders table'  
INFO  | 09-07-2019 | 12:11:35 | com.epam.igorpystovit.view.Menu -> '4 - to edit planes table'  
INFO  | 09-07-2019 | 12:11:35 | com.epam.igorpystovit.view.Menu -> '5 - to edit clients table'  
INFO  | 09-07-2019 | 12:11:35 | com.epam.igorpystovit.view.Menu -> '6 - to edit companies table'  
INFO  | 09-07-2019 | 12:11:35 | com.epam.igorpystovit.view.Menu -> '7 - to edit towns table'  
INFO  | 09-07-2019 | 12:11:35 | com.epam.igorpystovit.view.Menu -> '0 - to exit'  
INFO  | 09-07-2019 | 12:11:35 | com.epam.igorpystovit.view.Menu -> 'Input request id'  
INFO  | 09-07-2019 | 12:11:38 | com.epam.igorpystovit.view.Menu -> 'Menu Items(id/description)'  
INFO  | 09-07-2019 | 12:11:38 | com.epam.igorpystovit.view.Menu -> '1 - to add new row'  
INFO  | 09-07-2019 | 12:11:38 | com.epam.igorpystovit.view.Menu -> '2 - to delete the row'  
INFO  | 09-07-2019 | 12:11:38 | com.epam.igorpystovit.view.Menu -> '3 - to read row by id'  
INFO  | 09-07-2019 | 12:11:38 | com.epam.igorpystovit.view.Menu -> '4 - to read all rows'  
INFO  | 09-07-2019 | 12:11:38 | com.epam.igorpystovit.view.Menu -> '5 - to update row'  
INFO  | 09-07-2019 | 12:11:38 | com.epam.igorpystovit.view.Menu -> '0 - to exit'  
INFO  | 09-07-2019 | 12:11:38 | com.epam.igorpystovit.view.Menu -> 'Input request id'  
INFO  | 09-07-2019 | 12:11:40 | com.epam.igorpystovit.model.TableEditor -> 'Input new orders id'  
INFO  | 09-07-2019 | 12:11:42 | com.epam.igorpystovit.model.entityfactory.EntityFactory -> 'Input client id:'  
INFO  | 09-07-2019 | 12:11:44 | com.epam.igorpystovit.model.entityfactory.EntityFactory -> 'Input flight id:'  
INFO  | 09-07-2019 | 12:11:51 | com.epam.igorpystovit.DAOPattern.daointerface.GeneralDAO -> 'Funds insufficient'  
INFO  | 09-07-2019 | 12:11:51 | com.epam.igorpystovit.view.Menu -> 'Menu Items(id/description)'  
INFO  | 09-07-2019 | 12:11:51 | com.epam.igorpystovit.view.Menu -> '1 - to add new row'  
INFO  | 09-07-2019 | 12:11:51 | com.epam.igorpystovit.view.Menu -> '2 - to delete the row'  
INFO  | 09-07-2019 | 12:11:51 | com.epam.igorpystovit.view.Menu -> '3 - to read row by id'  
INFO  | 09-07-2019 | 12:11:51 | com.epam.igorpystovit.view.Menu -> '4 - to read all rows'  
INFO  | 09-07-2019 | 12:11:51 | com.epam.igorpystovit.view.Menu -> '5 - to update row'  
INFO  | 09-07-2019 | 12:11:51 | com.epam.igorpystovit.view.Menu -> '0 - to exit'  
INFO  | 09-07-2019 | 12:11:51 | com.epam.igorpystovit.view.Menu -> 'Input request id'  
INFO  | 09-07-2019 | 12:12:01 | com.epam.igorpystovit.model.TableEditor -> 'Input row id'  
INFO  | 09-07-2019 | 12:12:08 | com.epam.igorpystovit.view.Menu -> 'Menu Items(id/description)'  
INFO  | 09-07-2019 | 12:12:08 | com.epam.igorpystovit.view.Menu -> '1 - to add new row'  
INFO  | 09-07-2019 | 12:12:08 | com.epam.igorpystovit.view.Menu -> '2 - to delete the row'  
INFO  | 09-07-2019 | 12:12:08 | com.epam.igorpystovit.view.Menu -> '3 - to read row by id'  
INFO  | 09-07-2019 | 12:12:08 | com.epam.igorpystovit.view.Menu -> '4 - to read all rows'  
INFO  | 09-07-2019 | 12:12:08 | com.epam.igorpystovit.view.Menu -> '5 - to update row'  
INFO  | 09-07-2019 | 12:12:08 | com.epam.igorpystovit.view.Menu -> '0 - to exit'  
INFO  | 09-07-2019 | 12:12:08 | com.epam.igorpystovit.view.Menu -> 'Input request id'  
INFO  | 09-07-2019 | 12:12:21 | com.epam.igorpystovit.model.TableEditor -> 'Input row id to delete'  
INFO  | 09-07-2019 | 12:12:23 | com.epam.igorpystovit.view.Menu -> 'Menu Items(id/description)'  
INFO  | 09-07-2019 | 12:12:23 | com.epam.igorpystovit.view.Menu -> '1 - to add new row'  
INFO  | 09-07-2019 | 12:12:23 | com.epam.igorpystovit.view.Menu -> '2 - to delete the row'  
INFO  | 09-07-2019 | 12:12:23 | com.epam.igorpystovit.view.Menu -> '3 - to read row by id'  
INFO  | 09-07-2019 | 12:12:23 | com.epam.igorpystovit.view.Menu -> '4 - to read all rows'  
INFO  | 09-07-2019 | 12:12:23 | com.epam.igorpystovit.view.Menu -> '5 - to update row'  
INFO  | 09-07-2019 | 12:12:23 | com.epam.igorpystovit.view.Menu -> '0 - to exit'  
INFO  | 09-07-2019 | 12:12:23 | com.epam.igorpystovit.view.Menu -> 'Input request id'  
INFO  | 09-07-2019 | 12:12:26 | com.epam.igorpystovit.model.TableEditor -> 'Nothing is on the table'  
INFO  | 09-07-2019 | 12:12:26 | com.epam.igorpystovit.view.Menu -> 'Menu Items(id/description)'  
INFO  | 09-07-2019 | 12:12:26 | com.epam.igorpystovit.view.Menu -> '1 - to add new row'  
INFO  | 09-07-2019 | 12:12:26 | com.epam.igorpystovit.view.Menu -> '2 - to delete the row'  
INFO  | 09-07-2019 | 12:12:26 | com.epam.igorpystovit.view.Menu -> '3 - to read row by id'  
INFO  | 09-07-2019 | 12:12:26 | com.epam.igorpystovit.view.Menu -> '4 - to read all rows'  
INFO  | 09-07-2019 | 12:12:26 | com.epam.igorpystovit.view.Menu -> '5 - to update row'  
INFO  | 09-07-2019 | 12:12:26 | com.epam.igorpystovit.view.Menu -> '0 - to exit'  
INFO  | 09-07-2019 | 12:12:26 | com.epam.igorpystovit.view.Menu -> 'Input request id'  
INFO  | 09-07-2019 | 12:12:28 | com.epam.igorpystovit.view.Menu -> 'Bye'  
INFO  | 09-07-2019 | 12:12:28 | com.epam.igorpystovit.view.Menu -> 'Menu Items(id/description)'  
INFO  | 09-07-2019 | 12:12:28 | com.epam.igorpystovit.view.Menu -> '1 - to edit flights table'  
INFO  | 09-07-2019 | 12:12:28 | com.epam.igorpystovit.view.Menu -> '2 - to edit company planes table'  
INFO  | 09-07-2019 | 12:12:28 | com.epam.igorpystovit.view.Menu -> '3 - to edit orders table'  
INFO  | 09-07-2019 | 12:12:28 | com.epam.igorpystovit.view.Menu -> '4 - to edit planes table'  
INFO  | 09-07-2019 | 12:12:28 | com.epam.igorpystovit.view.Menu -> '5 - to edit clients table'  
INFO  | 09-07-2019 | 12:12:28 | com.epam.igorpystovit.view.Menu -> '6 - to edit companies table'  
INFO  | 09-07-2019 | 12:12:28 | com.epam.igorpystovit.view.Menu -> '7 - to edit towns table'  
INFO  | 09-07-2019 | 12:12:28 | com.epam.igorpystovit.view.Menu -> '0 - to exit'  
INFO  | 09-07-2019 | 12:12:28 | com.epam.igorpystovit.view.Menu -> 'Input request id'  
INFO  | 09-07-2019 | 12:12:33 | com.epam.igorpystovit.view.Menu -> 'Menu Items(id/description)'  
INFO  | 09-07-2019 | 12:12:33 | com.epam.igorpystovit.view.Menu -> '1 - to add new row'  
INFO  | 09-07-2019 | 12:12:33 | com.epam.igorpystovit.view.Menu -> '2 - to delete the row'  
INFO  | 09-07-2019 | 12:12:33 | com.epam.igorpystovit.view.Menu -> '3 - to read row by id'  
INFO  | 09-07-2019 | 12:12:33 | com.epam.igorpystovit.view.Menu -> '4 - to read all rows'  
INFO  | 09-07-2019 | 12:12:33 | com.epam.igorpystovit.view.Menu -> '5 - to update row'  
INFO  | 09-07-2019 | 12:12:33 | com.epam.igorpystovit.view.Menu -> '0 - to exit'  
INFO  | 09-07-2019 | 12:12:33 | com.epam.igorpystovit.view.Menu -> 'Input request id'  
INFO  | 09-07-2019 | 12:12:38 | com.epam.igorpystovit.view.Menu -> 'Menu Items(id/description)'  
INFO  | 09-07-2019 | 12:12:38 | com.epam.igorpystovit.view.Menu -> '1 - to add new row'  
INFO  | 09-07-2019 | 12:12:38 | com.epam.igorpystovit.view.Menu -> '2 - to delete the row'  
INFO  | 09-07-2019 | 12:12:38 | com.epam.igorpystovit.view.Menu -> '3 - to read row by id'  
INFO  | 09-07-2019 | 12:12:38 | com.epam.igorpystovit.view.Menu -> '4 - to read all rows'  
INFO  | 09-07-2019 | 12:12:38 | com.epam.igorpystovit.view.Menu -> '5 - to update row'  
INFO  | 09-07-2019 | 12:12:38 | com.epam.igorpystovit.view.Menu -> '0 - to exit'  
INFO  | 09-07-2019 | 12:12:38 | com.epam.igorpystovit.view.Menu -> 'Input request id'  
INFO  | 09-07-2019 | 12:12:42 | com.epam.igorpystovit.view.Menu -> 'Bye'  
INFO  | 09-07-2019 | 12:12:42 | com.epam.igorpystovit.view.Menu -> 'Menu Items(id/description)'  
INFO  | 09-07-2019 | 12:12:42 | com.epam.igorpystovit.view.Menu -> '1 - to edit flights table'  
INFO  | 09-07-2019 | 12:12:42 | com.epam.igorpystovit.view.Menu -> '2 - to edit company planes table'  
INFO  | 09-07-2019 | 12:12:42 | com.epam.igorpystovit.view.Menu -> '3 - to edit orders table'  
INFO  | 09-07-2019 | 12:12:42 | com.epam.igorpystovit.view.Menu -> '4 - to edit planes table'  
INFO  | 09-07-2019 | 12:12:42 | com.epam.igorpystovit.view.Menu -> '5 - to edit clients table'  
INFO  | 09-07-2019 | 12:12:42 | com.epam.igorpystovit.view.Menu -> '6 - to edit companies table'  
INFO  | 09-07-2019 | 12:12:42 | com.epam.igorpystovit.view.Menu -> '7 - to edit towns table'  
INFO  | 09-07-2019 | 12:12:42 | com.epam.igorpystovit.view.Menu -> '0 - to exit'  
INFO  | 09-07-2019 | 12:12:42 | com.epam.igorpystovit.view.Menu -> 'Input request id'  
INFO  | 09-07-2019 | 12:12:51 | com.epam.igorpystovit.view.Menu -> 'Menu Items(id/description)'  
INFO  | 09-07-2019 | 12:12:51 | com.epam.igorpystovit.view.Menu -> '1 - to add new row'  
INFO  | 09-07-2019 | 12:12:51 | com.epam.igorpystovit.view.Menu -> '2 - to delete the row'  
INFO  | 09-07-2019 | 12:12:51 | com.epam.igorpystovit.view.Menu -> '3 - to read row by id'  
INFO  | 09-07-2019 | 12:12:51 | com.epam.igorpystovit.view.Menu -> '4 - to read all rows'  
INFO  | 09-07-2019 | 12:12:51 | com.epam.igorpystovit.view.Menu -> '5 - to update row'  
INFO  | 09-07-2019 | 12:12:51 | com.epam.igorpystovit.view.Menu -> '0 - to exit'  
INFO  | 09-07-2019 | 12:12:51 | com.epam.igorpystovit.view.Menu -> 'Input request id'  
INFO  | 09-07-2019 | 12:12:52 | com.epam.igorpystovit.view.Menu -> 'Menu Items(id/description)'  
INFO  | 09-07-2019 | 12:12:52 | com.epam.igorpystovit.view.Menu -> '1 - to add new row'  
INFO  | 09-07-2019 | 12:12:52 | com.epam.igorpystovit.view.Menu -> '2 - to delete the row'  
INFO  | 09-07-2019 | 12:12:52 | com.epam.igorpystovit.view.Menu -> '3 - to read row by id'  
INFO  | 09-07-2019 | 12:12:52 | com.epam.igorpystovit.view.Menu -> '4 - to read all rows'  
INFO  | 09-07-2019 | 12:12:52 | com.epam.igorpystovit.view.Menu -> '5 - to update row'  
INFO  | 09-07-2019 | 12:12:52 | com.epam.igorpystovit.view.Menu -> '0 - to exit'  
INFO  | 09-07-2019 | 12:12:52 | com.epam.igorpystovit.view.Menu -> 'Input request id'  
INFO  | 09-07-2019 | 12:12:55 | com.epam.igorpystovit.view.Menu -> 'Bye'  
INFO  | 09-07-2019 | 12:12:55 | com.epam.igorpystovit.view.Menu -> 'Menu Items(id/description)'  
INFO  | 09-07-2019 | 12:12:55 | com.epam.igorpystovit.view.Menu -> '1 - to edit flights table'  
INFO  | 09-07-2019 | 12:12:55 | com.epam.igorpystovit.view.Menu -> '2 - to edit company planes table'  
INFO  | 09-07-2019 | 12:12:55 | com.epam.igorpystovit.view.Menu -> '3 - to edit orders table'  
INFO  | 09-07-2019 | 12:12:55 | com.epam.igorpystovit.view.Menu -> '4 - to edit planes table'  
INFO  | 09-07-2019 | 12:12:55 | com.epam.igorpystovit.view.Menu -> '5 - to edit clients table'  
INFO  | 09-07-2019 | 12:12:55 | com.epam.igorpystovit.view.Menu -> '6 - to edit companies table'  
INFO  | 09-07-2019 | 12:12:55 | com.epam.igorpystovit.view.Menu -> '7 - to edit towns table'  
INFO  | 09-07-2019 | 12:12:55 | com.epam.igorpystovit.view.Menu -> '0 - to exit'  
INFO  | 09-07-2019 | 12:12:55 | com.epam.igorpystovit.view.Menu -> 'Input request id'  
INFO  | 09-07-2019 | 12:12:59 | com.epam.igorpystovit.view.Menu -> 'Menu Items(id/description)'  
INFO  | 09-07-2019 | 12:12:59 | com.epam.igorpystovit.view.Menu -> '1 - to add new row'  
INFO  | 09-07-2019 | 12:12:59 | com.epam.igorpystovit.view.Menu -> '2 - to delete the row'  
INFO  | 09-07-2019 | 12:12:59 | com.epam.igorpystovit.view.Menu -> '3 - to read row by id'  
INFO  | 09-07-2019 | 12:12:59 | com.epam.igorpystovit.view.Menu -> '4 - to read all rows'  
INFO  | 09-07-2019 | 12:12:59 | com.epam.igorpystovit.view.Menu -> '5 - to update row'  
INFO  | 09-07-2019 | 12:12:59 | com.epam.igorpystovit.view.Menu -> '0 - to exit'  
INFO  | 09-07-2019 | 12:12:59 | com.epam.igorpystovit.view.Menu -> 'Input request id'  
INFO  | 09-07-2019 | 12:13:04 | com.epam.igorpystovit.view.Menu -> 'Menu Items(id/description)'  
INFO  | 09-07-2019 | 12:13:04 | com.epam.igorpystovit.view.Menu -> '1 - to add new row'  
INFO  | 09-07-2019 | 12:13:04 | com.epam.igorpystovit.view.Menu -> '2 - to delete the row'  
INFO  | 09-07-2019 | 12:13:04 | com.epam.igorpystovit.view.Menu -> '3 - to read row by id'  
INFO  | 09-07-2019 | 12:13:04 | com.epam.igorpystovit.view.Menu -> '4 - to read all rows'  
INFO  | 09-07-2019 | 12:13:04 | com.epam.igorpystovit.view.Menu -> '5 - to update row'  
INFO  | 09-07-2019 | 12:13:04 | com.epam.igorpystovit.view.Menu -> '0 - to exit'  
INFO  | 09-07-2019 | 12:13:04 | com.epam.igorpystovit.view.Menu -> 'Input request id'  
INFO  | 09-07-2019 | 12:13:09 | com.epam.igorpystovit.model.TableEditor -> 'Input clients id to update'  
INFO  | 09-07-2019 | 12:13:12 | com.epam.igorpystovit.model.entityfactory.EntityFactory -> 'Input new clients name:'  
INFO  | 09-07-2019 | 12:13:16 | com.epam.igorpystovit.model.entityfactory.EntityFactory -> 'Input new clients surname:'  
INFO  | 09-07-2019 | 12:13:19 | com.epam.igorpystovit.model.entityfactory.EntityFactory -> 'Input new clients cash:'  
INFO  | 09-07-2019 | 12:13:23 | com.epam.igorpystovit.view.Menu -> 'Menu Items(id/description)'  
INFO  | 09-07-2019 | 12:13:23 | com.epam.igorpystovit.view.Menu -> '1 - to add new row'  
INFO  | 09-07-2019 | 12:13:23 | com.epam.igorpystovit.view.Menu -> '2 - to delete the row'  
INFO  | 09-07-2019 | 12:13:23 | com.epam.igorpystovit.view.Menu -> '3 - to read row by id'  
INFO  | 09-07-2019 | 12:13:23 | com.epam.igorpystovit.view.Menu -> '4 - to read all rows'  
INFO  | 09-07-2019 | 12:13:23 | com.epam.igorpystovit.view.Menu -> '5 - to update row'  
INFO  | 09-07-2019 | 12:13:23 | com.epam.igorpystovit.view.Menu -> '0 - to exit'  
INFO  | 09-07-2019 | 12:13:23 | com.epam.igorpystovit.view.Menu -> 'Input request id'  
INFO  | 09-07-2019 | 12:13:33 | com.epam.igorpystovit.view.Menu -> 'Bye'  
INFO  | 09-07-2019 | 12:13:33 | com.epam.igorpystovit.view.Menu -> 'Menu Items(id/description)'  
INFO  | 09-07-2019 | 12:13:33 | com.epam.igorpystovit.view.Menu -> '1 - to edit flights table'  
INFO  | 09-07-2019 | 12:13:33 | com.epam.igorpystovit.view.Menu -> '2 - to edit company planes table'  
INFO  | 09-07-2019 | 12:13:33 | com.epam.igorpystovit.view.Menu -> '3 - to edit orders table'  
INFO  | 09-07-2019 | 12:13:33 | com.epam.igorpystovit.view.Menu -> '4 - to edit planes table'  
INFO  | 09-07-2019 | 12:13:33 | com.epam.igorpystovit.view.Menu -> '5 - to edit clients table'  
INFO  | 09-07-2019 | 12:13:33 | com.epam.igorpystovit.view.Menu -> '6 - to edit companies table'  
INFO  | 09-07-2019 | 12:13:33 | com.epam.igorpystovit.view.Menu -> '7 - to edit towns table'  
INFO  | 09-07-2019 | 12:13:33 | com.epam.igorpystovit.view.Menu -> '0 - to exit'  
INFO  | 09-07-2019 | 12:13:33 | com.epam.igorpystovit.view.Menu -> 'Input request id'  
INFO  | 09-07-2019 | 12:13:35 | com.epam.igorpystovit.view.Menu -> 'Menu Items(id/description)'  
INFO  | 09-07-2019 | 12:13:35 | com.epam.igorpystovit.view.Menu -> '1 - to add new row'  
INFO  | 09-07-2019 | 12:13:35 | com.epam.igorpystovit.view.Menu -> '2 - to delete the row'  
INFO  | 09-07-2019 | 12:13:35 | com.epam.igorpystovit.view.Menu -> '3 - to read row by id'  
INFO  | 09-07-2019 | 12:13:35 | com.epam.igorpystovit.view.Menu -> '4 - to read all rows'  
INFO  | 09-07-2019 | 12:13:35 | com.epam.igorpystovit.view.Menu -> '5 - to update row'  
INFO  | 09-07-2019 | 12:13:35 | com.epam.igorpystovit.view.Menu -> '0 - to exit'  
INFO  | 09-07-2019 | 12:13:35 | com.epam.igorpystovit.view.Menu -> 'Input request id'  
INFO  | 09-07-2019 | 12:13:44 | com.epam.igorpystovit.view.Menu -> 'Menu Items(id/description)'  
INFO  | 09-07-2019 | 12:13:44 | com.epam.igorpystovit.view.Menu -> '1 - to add new row'  
INFO  | 09-07-2019 | 12:13:44 | com.epam.igorpystovit.view.Menu -> '2 - to delete the row'  
INFO  | 09-07-2019 | 12:13:44 | com.epam.igorpystovit.view.Menu -> '3 - to read row by id'  
INFO  | 09-07-2019 | 12:13:44 | com.epam.igorpystovit.view.Menu -> '4 - to read all rows'  
INFO  | 09-07-2019 | 12:13:44 | com.epam.igorpystovit.view.Menu -> '5 - to update row'  
INFO  | 09-07-2019 | 12:13:44 | com.epam.igorpystovit.view.Menu -> '0 - to exit'  
INFO  | 09-07-2019 | 12:13:44 | com.epam.igorpystovit.view.Menu -> 'Input request id'  
INFO  | 09-07-2019 | 12:13:47 | com.epam.igorpystovit.model.TableEditor -> 'Input new flights id'  
INFO  | 09-07-2019 | 12:13:51 | com.epam.igorpystovit.model.entityfactory.EntityFactory -> 'Input company id , that provides the flight:'  
INFO  | 09-07-2019 | 12:13:57 | com.epam.igorpystovit.model.entityfactory.EntityFactory -> 'Input departure town id:'  
INFO  | 09-07-2019 | 12:14:03 | com.epam.igorpystovit.model.entityfactory.EntityFactory -> 'Input arrival town id:'  
INFO  | 09-07-2019 | 12:14:07 | com.epam.igorpystovit.model.entityfactory.EntityFactory -> 'Input departure date( yyMMdd or yy-MM-dd ):'  
INFO  | 09-07-2019 | 12:14:16 | com.epam.igorpystovit.model.entityfactory.EntityFactory -> 'Input departure time( hhMMss or hh:MM:ss ):'  
INFO  | 09-07-2019 | 12:14:25 | com.epam.igorpystovit.model.entityfactory.EntityFactory -> 'Input arrival date( yyMMdd ot yy-MM-dd ):'  
INFO  | 09-07-2019 | 12:14:36 | com.epam.igorpystovit.model.entityfactory.EntityFactory -> 'Input arrival time( hhMMss or hh-MM-ss):'  
INFO  | 09-07-2019 | 12:14:45 | com.epam.igorpystovit.model.entityfactory.EntityFactory -> 'Input company plane id:'  
INFO  | 09-07-2019 | 12:15:01 | com.epam.igorpystovit.model.entityfactory.EntityFactory -> 'Input flight price:'  
INFO  | 09-07-2019 | 12:15:04 | com.epam.igorpystovit.view.Menu -> 'Menu Items(id/description)'  
INFO  | 09-07-2019 | 12:15:04 | com.epam.igorpystovit.view.Menu -> '1 - to add new row'  
INFO  | 09-07-2019 | 12:15:04 | com.epam.igorpystovit.view.Menu -> '2 - to delete the row'  
INFO  | 09-07-2019 | 12:15:04 | com.epam.igorpystovit.view.Menu -> '3 - to read row by id'  
INFO  | 09-07-2019 | 12:15:04 | com.epam.igorpystovit.view.Menu -> '4 - to read all rows'  
INFO  | 09-07-2019 | 12:15:04 | com.epam.igorpystovit.view.Menu -> '5 - to update row'  
INFO  | 09-07-2019 | 12:15:04 | com.epam.igorpystovit.view.Menu -> '0 - to exit'  
INFO  | 09-07-2019 | 12:15:04 | com.epam.igorpystovit.view.Menu -> 'Input request id'  
INFO  | 09-07-2019 | 12:15:07 | com.epam.igorpystovit.view.Menu -> 'Menu Items(id/description)'  
INFO  | 09-07-2019 | 12:15:07 | com.epam.igorpystovit.view.Menu -> '1 - to add new row'  
INFO  | 09-07-2019 | 12:15:07 | com.epam.igorpystovit.view.Menu -> '2 - to delete the row'  
INFO  | 09-07-2019 | 12:15:07 | com.epam.igorpystovit.view.Menu -> '3 - to read row by id'  
INFO  | 09-07-2019 | 12:15:07 | com.epam.igorpystovit.view.Menu -> '4 - to read all rows'  
INFO  | 09-07-2019 | 12:15:07 | com.epam.igorpystovit.view.Menu -> '5 - to update row'  
INFO  | 09-07-2019 | 12:15:07 | com.epam.igorpystovit.view.Menu -> '0 - to exit'  
INFO  | 09-07-2019 | 12:15:07 | com.epam.igorpystovit.view.Menu -> 'Input request id'  
INFO  | 09-07-2019 | 12:15:31 | com.epam.igorpystovit.view.Menu -> 'Bye'  
INFO  | 09-07-2019 | 12:15:31 | com.epam.igorpystovit.view.Menu -> 'Menu Items(id/description)'  
INFO  | 09-07-2019 | 12:15:31 | com.epam.igorpystovit.view.Menu -> '1 - to edit flights table'  
INFO  | 09-07-2019 | 12:15:31 | com.epam.igorpystovit.view.Menu -> '2 - to edit company planes table'  
INFO  | 09-07-2019 | 12:15:31 | com.epam.igorpystovit.view.Menu -> '3 - to edit orders table'  
INFO  | 09-07-2019 | 12:15:31 | com.epam.igorpystovit.view.Menu -> '4 - to edit planes table'  
INFO  | 09-07-2019 | 12:15:31 | com.epam.igorpystovit.view.Menu -> '5 - to edit clients table'  
INFO  | 09-07-2019 | 12:15:31 | com.epam.igorpystovit.view.Menu -> '6 - to edit companies table'  
INFO  | 09-07-2019 | 12:15:31 | com.epam.igorpystovit.view.Menu -> '7 - to edit towns table'  
INFO  | 09-07-2019 | 12:15:31 | com.epam.igorpystovit.view.Menu -> '0 - to exit'  
INFO  | 09-07-2019 | 12:15:31 | com.epam.igorpystovit.view.Menu -> 'Input request id'  
INFO  | 09-07-2019 | 12:15:33 | com.epam.igorpystovit.view.Menu -> 'Bye'  
INFO  | 09-07-2019 | 12:15:33 | com.epam.igorpystovit.view.Menu -> 'Menu Items(id/description)'  
INFO  | 09-07-2019 | 12:15:33 | com.epam.igorpystovit.view.Menu -> '1 - to edit tables'  
INFO  | 09-07-2019 | 12:15:33 | com.epam.igorpystovit.view.Menu -> '2 - to print table's content'  
INFO  | 09-07-2019 | 12:15:33 | com.epam.igorpystovit.view.Menu -> '3 - to book the flight'  
INFO  | 09-07-2019 | 12:15:33 | com.epam.igorpystovit.view.Menu -> '4 - to cancel reservation'  
INFO  | 09-07-2019 | 12:15:33 | com.epam.igorpystovit.view.Menu -> '0 - to exit'  
INFO  | 09-07-2019 | 12:15:33 | com.epam.igorpystovit.view.Menu -> 'Input request id'  
INFO  | 09-07-2019 | 12:15:35 | com.epam.igorpystovit.view.Menu -> 'Bye'  
